<?xml version="1.0" encoding="UTF-8"?>
<!-- Generated by org.testng.reporters.JUnitReportReporter -->
<testsuite hostname="cristina" failures="0" tests="1" name="com.scratch.SignOut" time="23.007" errors="0" timestamp="02 Sep 2020 20:52:53 GMT" skipped="0">
  <testcase classname="com.scratch.SignOut" name="testSignOut" time="23.007"/>
</testsuite> <!-- com.scratch.SignOut -->
