<?xml version="1.0" encoding="UTF-8"?>
<!-- Generated by org.testng.reporters.JUnitReportReporter -->
<testsuite hostname="cristina" failures="0" tests="5" name="com.scratch.JoinScratch" time="17.522" errors="0" timestamp="03 Sep 2020 13:10:00 GMT" skipped="0">
  <testcase classname="com.scratch.JoinScratch" name="testJoinScratchUserDetails" time="4.382"/>
  <testcase classname="com.scratch.JoinScratch" name="testJoinScratchCountry" time="3.404"/>
  <testcase classname="com.scratch.JoinScratch" name="testJoinScratchDateOfBirth" time="3.369"/>
  <testcase classname="com.scratch.JoinScratch" name="testJoinScratchGender" time="3.164"/>
  <testcase classname="com.scratch.JoinScratch" name="testJoinScratchEmail" time="3.203"/>
</testsuite> <!-- com.scratch.JoinScratch -->
