<?xml version="1.0" encoding="UTF-8"?>
<!-- Generated by org.testng.reporters.JUnitReportReporter -->
<testsuite hostname="cristina" failures="0" tests="4" name="com.pageObjectModel2.loginpagetests.NegativeTests" time="53.635" errors="0" timestamp="02 Sep 2020 17:25:44 GMT" skipped="0">
  <testcase classname="com.pageObjectModel2.loginpagetests.NegativeTests" name="negativeTest" time="12.937"/>
  <testcase classname="com.pageObjectModel2.loginpagetests.NegativeTests" name="negativeTest" time="16.051"/>
  <testcase classname="com.pageObjectModel2.loginpagetests.NegativeTests" name="negativeTest" time="12.302"/>
  <testcase classname="com.pageObjectModel2.loginpagetests.NegativeTests" name="negativeTest" time="12.345"/>
</testsuite> <!-- NegativeTests -->
