<?xml version="1.0" encoding="UTF-8"?>
<!-- Generated by org.testng.reporters.JUnitReportReporter -->
<testsuite hostname="cristina" failures="0" tests="1" name="com.findBrokenLinks.FindBrokenLink" time="57.368" errors="0" timestamp="06 Sep 2020 15:56:59 GMT" skipped="0">
  <testcase classname="com.findBrokenLinks.FindBrokenLink" name="testFindBrokenLinks" time="57.368"/>
</testsuite> <!-- com.findBrokenLinks.FindBrokenLink -->
