<?xml version="1.0" encoding="UTF-8"?>
<!-- Generated by org.testng.reporters.JUnitReportReporter -->
<testsuite hostname="cristina" failures="0" tests="1" name="com.pageObjectModel.testClases.SigninTest" time="10.913" errors="0" timestamp="03 Sep 2020 13:10:00 GMT" skipped="0">
  <testcase classname="com.pageObjectModel.testClases.SigninTest" name="signinTest" time="10.913"/>
</testsuite> <!-- com.pageObjectModel.testClases.SigninTest -->
