<?xml version="1.0" encoding="UTF-8"?>
<!-- Generated by org.testng.reporters.JUnitReportReporter -->
<testsuite hostname="cristina" failures="0" tests="2" name="com.scratch.HomePage" time="0.011" errors="0" timestamp="02 Sep 2020 20:52:53 GMT" skipped="0">
  <testcase classname="com.scratch.HomePage" name="testCurrentUrl" time="0.005"/>
  <testcase classname="com.scratch.HomePage" name="testTitle" time="0.006"/>
</testsuite> <!-- com.scratch.SHomePage -->
