<?xml version="1.0" encoding="UTF-8"?>
<!-- Generated by org.testng.reporters.JUnitReportReporter -->
<testsuite hostname="cristina" failures="0" tests="1" name="com.scratch.CreateProject" time="10.688" errors="0" timestamp="03 Sep 2020 13:10:00 GMT" skipped="0">
  <testcase classname="com.scratch.CreateProject" name="testCreateProject" time="10.688"/>
</testsuite> <!-- com.scratch.CreateProject -->
