<?xml version="1.0" encoding="UTF-8"?>
<!-- Generated by org.testng.reporters.JUnitReportReporter -->
<testsuite hostname="cristina" failures="0" tests="1" name="com.scratch.WatchVideo" time="10.611" errors="0" timestamp="05 Sep 2020 09:52:14 GMT" skipped="0">
  <testcase classname="com.scratch.WatchVideo" name="testWatchVideo" time="10.611"/>
</testsuite> <!-- com.scratch.WatchVideo -->
