<?xml version="1.0" encoding="UTF-8"?>
<!-- Generated by org.testng.reporters.JUnitReportReporter -->
<testsuite hostname="cristina" failures="0" tests="1" name="com.pageObjectModel2.loginpagetests.PositiveLoginTests" time="14.954" errors="0" timestamp="02 Sep 2020 19:31:12 GMT" skipped="0">
  <testcase classname="com.pageObjectModel2.loginpagetests.PositiveLoginTests" name="logInTest" time="14.954"/>
</testsuite> <!-- com.pageObjectModel2.loginpagetests.PositiveLoginTests -->
