<?xml version="1.0" encoding="UTF-8"?>
<!-- Generated by org.testng.reporters.JUnitReportReporter -->
<testsuite hostname="cristina" failures="0" tests="1" name="com.browserCompatibility.InvokeOtherBrowsers" time="7.230" errors="0" timestamp="02 Sep 2020 20:52:53 GMT" skipped="0">
  <testcase classname="com.browserCompatibility.InvokeOtherBrowsers" name="verifyHomePage" time="7.230"/>
</testsuite> <!-- com.browserCompatibility.InvokeOtherBrowsers -->
