<?xml version="1.0" encoding="UTF-8"?>
<!-- Generated by org.testng.reporters.JUnitReportReporter -->
<testsuite hostname="cristina" failures="0" tests="1" name="com.scratch.CreateProject" time="9.272" errors="0" timestamp="03 Sep 2020 12:16:25 GMT" skipped="0">
  <testcase classname="com.scratch.CreateProject" name="testCreateProject" time="9.272"/>
</testsuite> <!-- com.scratch.CreateProject -->
