<?xml version="1.0" encoding="UTF-8"?>
<!-- Generated by org.testng.reporters.JUnitReportReporter -->
<testsuite hostname="cristina" failures="0" tests="1" name="com.scratch.ExtractDynamicElements" time="7.017" errors="0" timestamp="05 Sep 2020 09:52:14 GMT" skipped="0">
  <testcase classname="com.scratch.ExtractDynamicElements" name="getElements" time="7.017"/>
</testsuite> <!-- com.scratch.ExtractDynamicElements -->
