<?xml version="1.0" encoding="UTF-8"?>
<!-- Generated by org.testng.reporters.JUnitReportReporter -->
<testsuite hostname="cristina" failures="0" tests="1" name="com.pageObjectModel.testClases.NavbarTest" time="8.381" errors="0" timestamp="03 Sep 2020 12:16:25 GMT" skipped="0">
  <testcase classname="com.pageObjectModel.testClases.NavbarTest" name="isNavbarDisplayed" time="8.381"/>
</testsuite> <!-- com.pageObjectModel.testClases.NavbarTest -->
