<?xml version="1.0" encoding="UTF-8"?>
<!-- Generated by org.testng.reporters.JUnitReportReporter -->
<testsuite hostname="cristina" failures="0" tests="1" name="com.scratch.ExtractDynamicElements" time="7.773" errors="0" timestamp="03 Sep 2020 13:10:00 GMT" skipped="0">
  <testcase classname="com.scratch.ExtractDynamicElements" name="getElements" time="7.773"/>
</testsuite> <!-- com.scratch.ExtractDynamicElements -->
