<?xml version="1.0" encoding="UTF-8"?>
<!-- Generated by org.testng.reporters.JUnitReportReporter -->
<testsuite hostname="cristina" failures="0" tests="1" name="com.scratch.CreateProject" time="22.751" errors="0" timestamp="06 Sep 2020 19:26:21 GMT" skipped="0">
  <testcase classname="com.scratch.CreateProject" name="testCreateProject" time="22.751"/>
</testsuite> <!-- com.scratch.CreateProject -->
