<?xml version="1.0" encoding="UTF-8"?>
<!-- Generated by org.testng.reporters.JUnitReportReporter -->
<testsuite hostname="cristina" failures="0" tests="2" name="com.scratch.SignIn" time="27.814" errors="0" timestamp="02 Sep 2020 20:52:53 GMT" skipped="0">
  <testcase classname="com.scratch.SignIn" name="testSingInNeedHelp" time="12.740"/>
  <testcase classname="com.scratch.SignIn" name="testSignInWithValidCredentials" time="15.074"/>
</testsuite> <!-- com.scratch.SignIn -->
