<?xml version="1.0" encoding="UTF-8"?>
<!-- Generated by org.testng.reporters.JUnitReportReporter -->
<testsuite hostname="cristina" failures="0" tests="1" name="com.utils.ExtractSpecificElements" time="7.502" errors="0" timestamp="03 Sep 2020 09:52:00 GMT" skipped="0">
  <testcase classname="com.utils.ExtractSpecificElements" name="getElements" time="7.502"/>
</testsuite> <!-- com.utils.ExtractSpecificElements -->
