<?xml version="1.0" encoding="UTF-8"?>
<!-- Generated by org.testng.reporters.JUnitReportReporter -->
<testsuite hostname="cristina" failures="0" tests="1" name="com.browserCompatibility.SampleSeleniumTest" time="6.214" errors="0" timestamp="02 Sep 2020 20:52:53 GMT" skipped="0">
  <testcase classname="com.browserCompatibility.SampleSeleniumTest" name="verifyHomePageWithChrome" time="6.214"/>
</testsuite> <!-- com.browserCompatibility.SampleSeleniumTest -->
