<?xml version="1.0" encoding="UTF-8"?>
<!-- Generated by org.testng.reporters.JUnitReportReporter -->
<testsuite hostname="cristina" failures="0" tests="1" name="com.findBrokenLinks.FindBrokenLink" time="36.936" errors="0" timestamp="03 Sep 2020 12:26:10 GMT" skipped="0">
  <testcase classname="com.findBrokenLinks.FindBrokenLink" name="testFindBrokenLinks" time="36.936"/>
</testsuite> <!-- com.findBrokenLinks.FindBrokenLink -->
