<?xml version="1.0" encoding="UTF-8"?>
<!-- Generated by org.testng.reporters.JUnitReportReporter -->
<testsuite hostname="cristina" failures="0" tests="1" name="com.pageObjectModel2.loginpagetests.PositiveTests" time="12.282" errors="0" timestamp="02 Sep 2020 17:36:08 GMT" skipped="0">
  <testcase classname="com.pageObjectModel2.loginpagetests.PositiveTests" name="logInTest" time="12.282"/>
</testsuite> <!-- PositiveTests -->
