<?xml version="1.0" encoding="UTF-8"?>
<!-- Generated by org.testng.reporters.JUnitReportReporter -->
<testsuite hostname="cristina" failures="0" tests="1" name="com.scratch.CreateProject" time="26.880" errors="0" timestamp="06 Sep 2020 20:04:47 GMT" skipped="0">
  <testcase classname="com.scratch.CreateProject" name="testCreateProject" time="26.880"/>
</testsuite> <!-- com.scratch.CreateProject -->
