<?xml version="1.0" encoding="UTF-8"?>
<!-- Generated by org.testng.reporters.JUnitReportReporter -->
<testsuite hostname="cristina" failures="0" tests="5" name="com.scratch.JoinScratch" time="17.359" errors="0" timestamp="03 Sep 2020 12:16:25 GMT" skipped="0">
  <testcase classname="com.scratch.JoinScratch" name="testJoinScratchUserDetails" time="4.249"/>
  <testcase classname="com.scratch.JoinScratch" name="testJoinScratchCountry" time="3.323"/>
  <testcase classname="com.scratch.JoinScratch" name="testJoinScratchDateOfBirth" time="3.390"/>
  <testcase classname="com.scratch.JoinScratch" name="testJoinScratchGender" time="3.166"/>
  <testcase classname="com.scratch.JoinScratch" name="testJoinScratchEmail" time="3.231"/>
</testsuite> <!-- com.scratch.JoinScratch -->
