<?xml version="1.0" encoding="UTF-8"?>
<!-- Generated by org.testng.reporters.JUnitReportReporter -->
<testsuite hostname="cristina" failures="0" tests="2" name="com.pageObjectModel.testClases.AboutTest" time="9.497" errors="0" timestamp="03 Sep 2020 12:16:25 GMT" skipped="0">
  <testcase classname="com.pageObjectModel.testClases.AboutTest" name="aboutTest" time="6.745"/>
  <testcase classname="com.pageObjectModel.testClases.AboutTest" name="aboutTestTitle" time="2.752"/>
</testsuite> <!-- com.pageObjectModel.testClases.AboutTest -->
