<?xml version="1.0" encoding="UTF-8"?>
<!-- Generated by org.testng.reporters.JUnitReportReporter -->
<testsuite hostname="cristina" failures="0" tests="1" name="com.findBrokenLinks.FindBrokenLink" time="38.679" errors="0" timestamp="06 Sep 2020 20:03:07 GMT" skipped="0">
  <testcase classname="com.findBrokenLinks.FindBrokenLink" name="testFindBrokenLinks" time="38.679"/>
</testsuite> <!-- com.findBrokenLinks.FindBrokenLink -->
