<?xml version="1.0" encoding="UTF-8"?>
<!-- Generated by org.testng.reporters.JUnitReportReporter -->
<testsuite hostname="cristina" failures="0" tests="2" name="com.pageObjectModel.testClases.AboutTest" time="11.235" errors="0" timestamp="03 Sep 2020 13:10:00 GMT" skipped="0">
  <testcase classname="com.pageObjectModel.testClases.AboutTest" name="aboutTest" time="8.520"/>
  <testcase classname="com.pageObjectModel.testClases.AboutTest" name="aboutTestTitle" time="2.715"/>
</testsuite> <!-- com.pageObjectModel.testClases.AboutTest -->
