<?xml version="1.0" encoding="UTF-8"?>
<!-- Generated by org.testng.reporters.JUnitReportReporter -->
<testsuite hostname="cristina" failures="0" tests="1" name="com.browserCompatibility.InvokeBrowserDynamically" time="9.129" errors="0" timestamp="03 Sep 2020 10:41:52 GMT" skipped="0">
  <testcase classname="com.browserCompatibility.InvokeBrowserDynamically" name="verifyHomePageOnBrowsers" time="9.129"/>
</testsuite> <!-- com.browserCompatibility.InvokeBrowserDynamically -->
