<?xml version="1.0" encoding="UTF-8"?>
<!-- Generated by org.testng.reporters.JUnitReportReporter -->
<testsuite hostname="cristina" failures="0" tests="1" name="com.pageObjectModel.testClases.FooterTest" time="8.602" errors="0" timestamp="06 Sep 2020 16:58:04 GMT" skipped="0">
  <testcase classname="com.pageObjectModel.testClases.FooterTest" name="isFooterDisplayed" time="8.602"/>
</testsuite> <!-- com.pageObjectModel.testClases.FooterTest -->
