<?xml version="1.0" encoding="UTF-8"?>
<!-- Generated by org.testng.reporters.JUnitReportReporter -->
<testsuite hostname="cristina" failures="0" tests="5" name="com.scratch.JoinScratch" time="17.460" errors="0" timestamp="05 Sep 2020 09:52:14 GMT" skipped="0">
  <testcase classname="com.scratch.JoinScratch" name="testJoinScratchUserDetails" time="4.199"/>
  <testcase classname="com.scratch.JoinScratch" name="testJoinScratchCountry" time="3.365"/>
  <testcase classname="com.scratch.JoinScratch" name="testJoinScratchDateOfBirth" time="3.448"/>
  <testcase classname="com.scratch.JoinScratch" name="testJoinScratchGender" time="3.218"/>
  <testcase classname="com.scratch.JoinScratch" name="testJoinScratchEmail" time="3.230"/>
</testsuite> <!-- com.scratch.JoinScratch -->
