<?xml version="1.0" encoding="UTF-8"?>
<!-- Generated by org.testng.reporters.JUnitReportReporter -->
<testsuite hostname="cristina" failures="0" tests="2" name="com.pageObjectModel.testClases.AboutTest" time="10.744" errors="0" timestamp="06 Sep 2020 16:57:50 GMT" skipped="0">
  <testcase classname="com.pageObjectModel.testClases.AboutTest" name="aboutTest" time="8.039"/>
  <testcase classname="com.pageObjectModel.testClases.AboutTest" name="aboutTestTitle" time="2.705"/>
</testsuite> <!-- com.pageObjectModel.testClases.AboutTest -->
